Build started 11/22/2022 3:27:34 PM.
     1>Project "F:\FIC\Cmpt130\Programs\Week 11\question 32\question 32\question 32.vcxproj" on node 2 (build target(s)).
     1>InitializeBuildStatus:
         Touching "Debug\question 32.unsuccessfulbuild".
       ClCompile:
         C:\Program Files (x86)\Microsoft Visual Studio 10.0\VC\bin\CL.exe /c /ZI /nologo /W3 /WX- /Od /Oy- /D _MBCS /Gm /EHsc /RTC1 /MDd /GS /fp:precise /Zc:wchar_t /Zc:forScope /Fo"Debug\\" /Fd"Debug\vc100.pdb" /Gd /TP /analyze- /errorReport:prompt "question 32.cpp"
         question 32.cpp
     1>f:\fic\cmpt130\programs\week 11\question 32\question 32\question 32.cpp(30): error C3861: 'stringCopy': identifier not found
     1>f:\fic\cmpt130\programs\week 11\question 32\question 32\question 32.cpp(51): error C3861: 'stringCopy': identifier not found
     1>f:\fic\cmpt130\programs\week 11\question 32\question 32\question 32.cpp(68): error C3861: 'stringCopy': identifier not found
     1>Done Building Project "F:\FIC\Cmpt130\Programs\Week 11\question 32\question 32\question 32.vcxproj" (build target(s)) -- FAILED.

Build FAILED.

Time Elapsed 00:00:00.35
